Determining if the pthread_create exist failed with the following output:
Change Dir: /home/null/ros_ws/moveit_ompl_source/src/cmake-build-debug/CMakeFiles/CMakeTmp

Run Build Command:"/usr/bin/make" "cmTC_8c549/fast"
/usr/bin/make -f CMakeFiles/cmTC_8c549.dir/build.make CMakeFiles/cmTC_8c549.dir/build
make[1]: Entering directory '/home/null/ros_ws/moveit_ompl_source/src/cmake-build-debug/CMakeFiles/CMakeTmp'
Building C object CMakeFiles/cmTC_8c549.dir/CheckSymbolExists.c.o
/usr/bin/cc    -o CMakeFiles/cmTC_8c549.dir/CheckSymbolExists.c.o   -c /home/null/ros_ws/moveit_ompl_source/src/cmake-build-debug/CMakeFiles/CMakeTmp/CheckSymbolExists.c
Linking C executable cmTC_8c549
/home/null/tools/clion-2018.2.3/bin/cmake/linux/bin/cmake -E cmake_link_script CMakeFiles/cmTC_8c549.dir/link.txt --verbose=1
/usr/bin/cc      -rdynamic CMakeFiles/cmTC_8c549.dir/CheckSymbolExists.c.o  -o cmTC_8c549 
CMakeFiles/cmTC_8c549.dir/CheckSymbolExists.c.o：在函数‘main’中：
CheckSymbolExists.c:(.text+0x16)：对‘pthread_create’未定义的引用
collect2: error: ld returned 1 exit status
CMakeFiles/cmTC_8c549.dir/build.make:86: recipe for target 'cmTC_8c549' failed
make[1]: *** [cmTC_8c549] Error 1
make[1]: Leaving directory '/home/null/ros_ws/moveit_ompl_source/src/cmake-build-debug/CMakeFiles/CMakeTmp'
Makefile:121: recipe for target 'cmTC_8c549/fast' failed
make: *** [cmTC_8c549/fast] Error 2

File /home/null/ros_ws/moveit_ompl_source/src/cmake-build-debug/CMakeFiles/CMakeTmp/CheckSymbolExists.c:
/* */
#include <pthread.h>

int main(int argc, char** argv)
{
  (void)argv;
#ifndef pthread_create
  return ((int*)(&pthread_create))[argc];
#else
  (void)argc;
  return 0;
#endif
}

Determining if the function pthread_create exists in the pthreads failed with the following output:
Change Dir: /home/null/ros_ws/moveit_ompl_source/src/cmake-build-debug/CMakeFiles/CMakeTmp

Run Build Command:"/usr/bin/make" "cmTC_1ca17/fast"
/usr/bin/make -f CMakeFiles/cmTC_1ca17.dir/build.make CMakeFiles/cmTC_1ca17.dir/build
make[1]: Entering directory '/home/null/ros_ws/moveit_ompl_source/src/cmake-build-debug/CMakeFiles/CMakeTmp'
Building C object CMakeFiles/cmTC_1ca17.dir/CheckFunctionExists.c.o
/usr/bin/cc   -DCHECK_FUNCTION_EXISTS=pthread_create   -o CMakeFiles/cmTC_1ca17.dir/CheckFunctionExists.c.o   -c /home/null/tools/clion-2018.2.3/bin/cmake/linux/share/cmake-3.12/Modules/CheckFunctionExists.c
Linking C executable cmTC_1ca17
/home/null/tools/clion-2018.2.3/bin/cmake/linux/bin/cmake -E cmake_link_script CMakeFiles/cmTC_1ca17.dir/link.txt --verbose=1
/usr/bin/cc  -DCHECK_FUNCTION_EXISTS=pthread_create    -rdynamic CMakeFiles/cmTC_1ca17.dir/CheckFunctionExists.c.o  -o cmTC_1ca17 -lpthreads 
/usr/bin/ld: 找不到 -lpthreads
collect2: error: ld returned 1 exit status
CMakeFiles/cmTC_1ca17.dir/build.make:86: recipe for target 'cmTC_1ca17' failed
make[1]: *** [cmTC_1ca17] Error 1
make[1]: Leaving directory '/home/null/ros_ws/moveit_ompl_source/src/cmake-build-debug/CMakeFiles/CMakeTmp'
Makefile:121: recipe for target 'cmTC_1ca17/fast' failed
make: *** [cmTC_1ca17/fast] Error 2


